未在文法中使用終結語詞

    COMMA


狀態 81 衝突：1 項偏移/縮減


文法

    0 $accept: program $end

    1 program: IDENTIFIER OP CP function_body

    2 function_body: OB variable_declarations statements CB

    3 variable_declarations: %empty
    4                      | variable_declarations variable_declaration

    5 variable_declaration: INT IDENTIFIER TAIL

    6 statements: %empty
    7           | statements statement

    8 statement: assignment_statement
    9          | compound_statement
   10          | if_statement
   11          | while_statement
   12          | exit_statement
   13          | read_statement
   14          | write_statement

   15 assignment_statement: IDENTIFIER ASSIGN arith_expression TAIL

   16 compound_statement: OB statements CB

   17 if_statement: IF OP bool_expression CP statement
   18             | IF OP bool_expression CP statement ELSE statement

   19 while_statement: WHILE OP bool_expression CP statement

   20 exit_statement: EXIT TAIL

   21 read_statement: READ IDENTIFIER TAIL

   22 write_statement: WRITE arith_expression TAIL

   23 bool_expression: bool_term
   24                | bool_expression OR bool_term

   25 bool_term: bool_factor
   26          | bool_term AND bool_factor

   27 bool_factor: bool_primary
   28            | NOT bool_primary

   29 bool_primary: arith_expression EQUAL arith_expression
   30             | arith_expression NOTEQUAL arith_expression
   31             | arith_expression MORE arith_expression
   32             | arith_expression MOREEQUAL arith_expression
   33             | arith_expression LESS arith_expression
   34             | arith_expression LESSEQUAL arith_expression

   35 arith_expression: arith_term
   36                 | arith_expression ADD arith_term
   37                 | arith_expression SUB arith_term

   38 arith_term: arith_factor
   39           | arith_term MUL arith_factor
   40           | arith_term DIV arith_factor
   41           | arith_term REM arith_factor

   42 arith_factor: arith_primary
   43             | SUB arith_primary

   44 arith_primary: INTEGER
   45              | IDENTIFIER
   46              | OP arith_expression CP


終結語詞，附有它們出現處的規則

    $end (0) 0
    error (256)
    IDENTIFIER <sval> (258) 1 5 15 21 45
    INTEGER <lval> (259) 44
    IF (260) 17 18
    ELSE (261) 18
    EXIT (262) 20
    INT (263) 5
    WHILE (264) 19
    WRITE (265) 22
    READ (266) 21
    EQUAL (267) 29
    NOTEQUAL (268) 30
    LESSEQUAL (269) 34
    MOREEQUAL (270) 32
    AND (271) 26
    OR (272) 24
    LESS (273) 33
    MORE (274) 31
    ADD (275) 36
    SUB (276) 37 43
    MUL (277) 39
    DIV (278) 40
    REM (279) 41
    NOT (280) 28
    ASSIGN (281) 15
    TAIL (282) 5 15 20 21 22
    COMMA (283)
    OB (284) 2 16
    CB (285) 2 16
    OP (286) 1 17 18 19 46
    CP (287) 1 17 18 19 46


非終結語詞，附有它們出現處的規則

    $accept (33)
        於左側： 0
    program (34)
        於左側： 1
        於右側： 0
    function_body (35)
        於左側： 2
        於右側： 1
    variable_declarations (36)
        於左側： 3 4
        於右側： 2 4
    variable_declaration (37)
        於左側： 5
        於右側： 4
    statements (38)
        於左側： 6 7
        於右側： 2 7 16
    statement (39)
        於左側： 8 9 10 11 12 13 14
        於右側： 7 17 18 19
    assignment_statement (40)
        於左側： 15
        於右側： 8
    compound_statement (41)
        於左側： 16
        於右側： 9
    if_statement (42)
        於左側： 17 18
        於右側： 10
    while_statement (43)
        於左側： 19
        於右側： 11
    exit_statement (44)
        於左側： 20
        於右側： 12
    read_statement (45)
        於左側： 21
        於右側： 13
    write_statement (46)
        於左側： 22
        於右側： 14
    bool_expression (47)
        於左側： 23 24
        於右側： 17 18 19 24
    bool_term (48)
        於左側： 25 26
        於右側： 23 24 26
    bool_factor (49)
        於左側： 27 28
        於右側： 25 26
    bool_primary (50)
        於左側： 29 30 31 32 33 34
        於右側： 27 28
    arith_expression (51)
        於左側： 35 36 37
        於右側： 15 22 29 30 31 32 33 34 36 37 46
    arith_term (52)
        於左側： 38 39 40 41
        於右側： 35 36 37 39 40 41
    arith_factor (53)
        於左側： 42 43
        於右側： 38 39 40 41
    arith_primary (54)
        於左側： 44 45 46
        於右側： 42 43


狀態 0

    0 $accept: . program $end

    IDENTIFIER  偏移，並進入狀態 1

    program  進入狀態 2


狀態 1

    1 program: IDENTIFIER . OP CP function_body

    OP  偏移，並進入狀態 3


狀態 2

    0 $accept: program . $end

    $end  偏移，並進入狀態 4


狀態 3

    1 program: IDENTIFIER OP . CP function_body

    CP  偏移，並進入狀態 5


狀態 4

    0 $accept: program $end .

    $default  接受


狀態 5

    1 program: IDENTIFIER OP CP . function_body

    OB  偏移，並進入狀態 6

    function_body  進入狀態 7


狀態 6

    2 function_body: OB . variable_declarations statements CB

    $default  使用規則 3 以縮減 (variable_declarations)

    variable_declarations  進入狀態 8


狀態 7

    1 program: IDENTIFIER OP CP function_body .

    $default  使用規則 1 以縮減 (program)


狀態 8

    2 function_body: OB variable_declarations . statements CB
    4 variable_declarations: variable_declarations . variable_declaration

    INT  偏移，並進入狀態 9

    $default  使用規則 6 以縮減 (statements)

    variable_declaration  進入狀態 10
    statements            進入狀態 11


狀態 9

    5 variable_declaration: INT . IDENTIFIER TAIL

    IDENTIFIER  偏移，並進入狀態 12


狀態 10

    4 variable_declarations: variable_declarations variable_declaration .

    $default  使用規則 4 以縮減 (variable_declarations)


狀態 11

    2 function_body: OB variable_declarations statements . CB
    7 statements: statements . statement

    IDENTIFIER  偏移，並進入狀態 13
    IF          偏移，並進入狀態 14
    EXIT        偏移，並進入狀態 15
    WHILE       偏移，並進入狀態 16
    WRITE       偏移，並進入狀態 17
    READ        偏移，並進入狀態 18
    OB          偏移，並進入狀態 19
    CB          偏移，並進入狀態 20

    statement             進入狀態 21
    assignment_statement  進入狀態 22
    compound_statement    進入狀態 23
    if_statement          進入狀態 24
    while_statement       進入狀態 25
    exit_statement        進入狀態 26
    read_statement        進入狀態 27
    write_statement       進入狀態 28


狀態 12

    5 variable_declaration: INT IDENTIFIER . TAIL

    TAIL  偏移，並進入狀態 29


狀態 13

   15 assignment_statement: IDENTIFIER . ASSIGN arith_expression TAIL

    ASSIGN  偏移，並進入狀態 30


狀態 14

   17 if_statement: IF . OP bool_expression CP statement
   18             | IF . OP bool_expression CP statement ELSE statement

    OP  偏移，並進入狀態 31


狀態 15

   20 exit_statement: EXIT . TAIL

    TAIL  偏移，並進入狀態 32


狀態 16

   19 while_statement: WHILE . OP bool_expression CP statement

    OP  偏移，並進入狀態 33


狀態 17

   22 write_statement: WRITE . arith_expression TAIL

    IDENTIFIER  偏移，並進入狀態 34
    INTEGER     偏移，並進入狀態 35
    SUB         偏移，並進入狀態 36
    OP          偏移，並進入狀態 37

    arith_expression  進入狀態 38
    arith_term        進入狀態 39
    arith_factor      進入狀態 40
    arith_primary     進入狀態 41


狀態 18

   21 read_statement: READ . IDENTIFIER TAIL

    IDENTIFIER  偏移，並進入狀態 42


狀態 19

   16 compound_statement: OB . statements CB

    $default  使用規則 6 以縮減 (statements)

    statements  進入狀態 43


狀態 20

    2 function_body: OB variable_declarations statements CB .

    $default  使用規則 2 以縮減 (function_body)


狀態 21

    7 statements: statements statement .

    $default  使用規則 7 以縮減 (statements)


狀態 22

    8 statement: assignment_statement .

    $default  使用規則 8 以縮減 (statement)


狀態 23

    9 statement: compound_statement .

    $default  使用規則 9 以縮減 (statement)


狀態 24

   10 statement: if_statement .

    $default  使用規則 10 以縮減 (statement)


狀態 25

   11 statement: while_statement .

    $default  使用規則 11 以縮減 (statement)


狀態 26

   12 statement: exit_statement .

    $default  使用規則 12 以縮減 (statement)


狀態 27

   13 statement: read_statement .

    $default  使用規則 13 以縮減 (statement)


狀態 28

   14 statement: write_statement .

    $default  使用規則 14 以縮減 (statement)


狀態 29

    5 variable_declaration: INT IDENTIFIER TAIL .

    $default  使用規則 5 以縮減 (variable_declaration)


狀態 30

   15 assignment_statement: IDENTIFIER ASSIGN . arith_expression TAIL

    IDENTIFIER  偏移，並進入狀態 34
    INTEGER     偏移，並進入狀態 35
    SUB         偏移，並進入狀態 36
    OP          偏移，並進入狀態 37

    arith_expression  進入狀態 44
    arith_term        進入狀態 39
    arith_factor      進入狀態 40
    arith_primary     進入狀態 41


狀態 31

   17 if_statement: IF OP . bool_expression CP statement
   18             | IF OP . bool_expression CP statement ELSE statement

    IDENTIFIER  偏移，並進入狀態 34
    INTEGER     偏移，並進入狀態 35
    SUB         偏移，並進入狀態 36
    NOT         偏移，並進入狀態 45
    OP          偏移，並進入狀態 37

    bool_expression   進入狀態 46
    bool_term         進入狀態 47
    bool_factor       進入狀態 48
    bool_primary      進入狀態 49
    arith_expression  進入狀態 50
    arith_term        進入狀態 39
    arith_factor      進入狀態 40
    arith_primary     進入狀態 41


狀態 32

   20 exit_statement: EXIT TAIL .

    $default  使用規則 20 以縮減 (exit_statement)


狀態 33

   19 while_statement: WHILE OP . bool_expression CP statement

    IDENTIFIER  偏移，並進入狀態 34
    INTEGER     偏移，並進入狀態 35
    SUB         偏移，並進入狀態 36
    NOT         偏移，並進入狀態 45
    OP          偏移，並進入狀態 37

    bool_expression   進入狀態 51
    bool_term         進入狀態 47
    bool_factor       進入狀態 48
    bool_primary      進入狀態 49
    arith_expression  進入狀態 50
    arith_term        進入狀態 39
    arith_factor      進入狀態 40
    arith_primary     進入狀態 41


狀態 34

   45 arith_primary: IDENTIFIER .

    $default  使用規則 45 以縮減 (arith_primary)


狀態 35

   44 arith_primary: INTEGER .

    $default  使用規則 44 以縮減 (arith_primary)


狀態 36

   43 arith_factor: SUB . arith_primary

    IDENTIFIER  偏移，並進入狀態 34
    INTEGER     偏移，並進入狀態 35
    OP          偏移，並進入狀態 37

    arith_primary  進入狀態 52


狀態 37

   46 arith_primary: OP . arith_expression CP

    IDENTIFIER  偏移，並進入狀態 34
    INTEGER     偏移，並進入狀態 35
    SUB         偏移，並進入狀態 36
    OP          偏移，並進入狀態 37

    arith_expression  進入狀態 53
    arith_term        進入狀態 39
    arith_factor      進入狀態 40
    arith_primary     進入狀態 41


狀態 38

   22 write_statement: WRITE arith_expression . TAIL
   36 arith_expression: arith_expression . ADD arith_term
   37                 | arith_expression . SUB arith_term

    ADD   偏移，並進入狀態 54
    SUB   偏移，並進入狀態 55
    TAIL  偏移，並進入狀態 56


狀態 39

   35 arith_expression: arith_term .
   39 arith_term: arith_term . MUL arith_factor
   40           | arith_term . DIV arith_factor
   41           | arith_term . REM arith_factor

    MUL  偏移，並進入狀態 57
    DIV  偏移，並進入狀態 58
    REM  偏移，並進入狀態 59

    $default  使用規則 35 以縮減 (arith_expression)


狀態 40

   38 arith_term: arith_factor .

    $default  使用規則 38 以縮減 (arith_term)


狀態 41

   42 arith_factor: arith_primary .

    $default  使用規則 42 以縮減 (arith_factor)


狀態 42

   21 read_statement: READ IDENTIFIER . TAIL

    TAIL  偏移，並進入狀態 60


狀態 43

    7 statements: statements . statement
   16 compound_statement: OB statements . CB

    IDENTIFIER  偏移，並進入狀態 13
    IF          偏移，並進入狀態 14
    EXIT        偏移，並進入狀態 15
    WHILE       偏移，並進入狀態 16
    WRITE       偏移，並進入狀態 17
    READ        偏移，並進入狀態 18
    OB          偏移，並進入狀態 19
    CB          偏移，並進入狀態 61

    statement             進入狀態 21
    assignment_statement  進入狀態 22
    compound_statement    進入狀態 23
    if_statement          進入狀態 24
    while_statement       進入狀態 25
    exit_statement        進入狀態 26
    read_statement        進入狀態 27
    write_statement       進入狀態 28


狀態 44

   15 assignment_statement: IDENTIFIER ASSIGN arith_expression . TAIL
   36 arith_expression: arith_expression . ADD arith_term
   37                 | arith_expression . SUB arith_term

    ADD   偏移，並進入狀態 54
    SUB   偏移，並進入狀態 55
    TAIL  偏移，並進入狀態 62


狀態 45

   28 bool_factor: NOT . bool_primary

    IDENTIFIER  偏移，並進入狀態 34
    INTEGER     偏移，並進入狀態 35
    SUB         偏移，並進入狀態 36
    OP          偏移，並進入狀態 37

    bool_primary      進入狀態 63
    arith_expression  進入狀態 50
    arith_term        進入狀態 39
    arith_factor      進入狀態 40
    arith_primary     進入狀態 41


狀態 46

   17 if_statement: IF OP bool_expression . CP statement
   18             | IF OP bool_expression . CP statement ELSE statement
   24 bool_expression: bool_expression . OR bool_term

    OR  偏移，並進入狀態 64
    CP  偏移，並進入狀態 65


狀態 47

   23 bool_expression: bool_term .
   26 bool_term: bool_term . AND bool_factor

    AND  偏移，並進入狀態 66

    $default  使用規則 23 以縮減 (bool_expression)


狀態 48

   25 bool_term: bool_factor .

    $default  使用規則 25 以縮減 (bool_term)


狀態 49

   27 bool_factor: bool_primary .

    $default  使用規則 27 以縮減 (bool_factor)


狀態 50

   29 bool_primary: arith_expression . EQUAL arith_expression
   30             | arith_expression . NOTEQUAL arith_expression
   31             | arith_expression . MORE arith_expression
   32             | arith_expression . MOREEQUAL arith_expression
   33             | arith_expression . LESS arith_expression
   34             | arith_expression . LESSEQUAL arith_expression
   36 arith_expression: arith_expression . ADD arith_term
   37                 | arith_expression . SUB arith_term

    EQUAL      偏移，並進入狀態 67
    NOTEQUAL   偏移，並進入狀態 68
    LESSEQUAL  偏移，並進入狀態 69
    MOREEQUAL  偏移，並進入狀態 70
    LESS       偏移，並進入狀態 71
    MORE       偏移，並進入狀態 72
    ADD        偏移，並進入狀態 54
    SUB        偏移，並進入狀態 55


狀態 51

   19 while_statement: WHILE OP bool_expression . CP statement
   24 bool_expression: bool_expression . OR bool_term

    OR  偏移，並進入狀態 64
    CP  偏移，並進入狀態 73


狀態 52

   43 arith_factor: SUB arith_primary .

    $default  使用規則 43 以縮減 (arith_factor)


狀態 53

   36 arith_expression: arith_expression . ADD arith_term
   37                 | arith_expression . SUB arith_term
   46 arith_primary: OP arith_expression . CP

    ADD  偏移，並進入狀態 54
    SUB  偏移，並進入狀態 55
    CP   偏移，並進入狀態 74


狀態 54

   36 arith_expression: arith_expression ADD . arith_term

    IDENTIFIER  偏移，並進入狀態 34
    INTEGER     偏移，並進入狀態 35
    SUB         偏移，並進入狀態 36
    OP          偏移，並進入狀態 37

    arith_term     進入狀態 75
    arith_factor   進入狀態 40
    arith_primary  進入狀態 41


狀態 55

   37 arith_expression: arith_expression SUB . arith_term

    IDENTIFIER  偏移，並進入狀態 34
    INTEGER     偏移，並進入狀態 35
    SUB         偏移，並進入狀態 36
    OP          偏移，並進入狀態 37

    arith_term     進入狀態 76
    arith_factor   進入狀態 40
    arith_primary  進入狀態 41


狀態 56

   22 write_statement: WRITE arith_expression TAIL .

    $default  使用規則 22 以縮減 (write_statement)


狀態 57

   39 arith_term: arith_term MUL . arith_factor

    IDENTIFIER  偏移，並進入狀態 34
    INTEGER     偏移，並進入狀態 35
    SUB         偏移，並進入狀態 36
    OP          偏移，並進入狀態 37

    arith_factor   進入狀態 77
    arith_primary  進入狀態 41


狀態 58

   40 arith_term: arith_term DIV . arith_factor

    IDENTIFIER  偏移，並進入狀態 34
    INTEGER     偏移，並進入狀態 35
    SUB         偏移，並進入狀態 36
    OP          偏移，並進入狀態 37

    arith_factor   進入狀態 78
    arith_primary  進入狀態 41


狀態 59

   41 arith_term: arith_term REM . arith_factor

    IDENTIFIER  偏移，並進入狀態 34
    INTEGER     偏移，並進入狀態 35
    SUB         偏移，並進入狀態 36
    OP          偏移，並進入狀態 37

    arith_factor   進入狀態 79
    arith_primary  進入狀態 41


狀態 60

   21 read_statement: READ IDENTIFIER TAIL .

    $default  使用規則 21 以縮減 (read_statement)


狀態 61

   16 compound_statement: OB statements CB .

    $default  使用規則 16 以縮減 (compound_statement)


狀態 62

   15 assignment_statement: IDENTIFIER ASSIGN arith_expression TAIL .

    $default  使用規則 15 以縮減 (assignment_statement)


狀態 63

   28 bool_factor: NOT bool_primary .

    $default  使用規則 28 以縮減 (bool_factor)


狀態 64

   24 bool_expression: bool_expression OR . bool_term

    IDENTIFIER  偏移，並進入狀態 34
    INTEGER     偏移，並進入狀態 35
    SUB         偏移，並進入狀態 36
    NOT         偏移，並進入狀態 45
    OP          偏移，並進入狀態 37

    bool_term         進入狀態 80
    bool_factor       進入狀態 48
    bool_primary      進入狀態 49
    arith_expression  進入狀態 50
    arith_term        進入狀態 39
    arith_factor      進入狀態 40
    arith_primary     進入狀態 41


狀態 65

   17 if_statement: IF OP bool_expression CP . statement
   18             | IF OP bool_expression CP . statement ELSE statement

    IDENTIFIER  偏移，並進入狀態 13
    IF          偏移，並進入狀態 14
    EXIT        偏移，並進入狀態 15
    WHILE       偏移，並進入狀態 16
    WRITE       偏移，並進入狀態 17
    READ        偏移，並進入狀態 18
    OB          偏移，並進入狀態 19

    statement             進入狀態 81
    assignment_statement  進入狀態 22
    compound_statement    進入狀態 23
    if_statement          進入狀態 24
    while_statement       進入狀態 25
    exit_statement        進入狀態 26
    read_statement        進入狀態 27
    write_statement       進入狀態 28


狀態 66

   26 bool_term: bool_term AND . bool_factor

    IDENTIFIER  偏移，並進入狀態 34
    INTEGER     偏移，並進入狀態 35
    SUB         偏移，並進入狀態 36
    NOT         偏移，並進入狀態 45
    OP          偏移，並進入狀態 37

    bool_factor       進入狀態 82
    bool_primary      進入狀態 49
    arith_expression  進入狀態 50
    arith_term        進入狀態 39
    arith_factor      進入狀態 40
    arith_primary     進入狀態 41


狀態 67

   29 bool_primary: arith_expression EQUAL . arith_expression

    IDENTIFIER  偏移，並進入狀態 34
    INTEGER     偏移，並進入狀態 35
    SUB         偏移，並進入狀態 36
    OP          偏移，並進入狀態 37

    arith_expression  進入狀態 83
    arith_term        進入狀態 39
    arith_factor      進入狀態 40
    arith_primary     進入狀態 41


狀態 68

   30 bool_primary: arith_expression NOTEQUAL . arith_expression

    IDENTIFIER  偏移，並進入狀態 34
    INTEGER     偏移，並進入狀態 35
    SUB         偏移，並進入狀態 36
    OP          偏移，並進入狀態 37

    arith_expression  進入狀態 84
    arith_term        進入狀態 39
    arith_factor      進入狀態 40
    arith_primary     進入狀態 41


狀態 69

   34 bool_primary: arith_expression LESSEQUAL . arith_expression

    IDENTIFIER  偏移，並進入狀態 34
    INTEGER     偏移，並進入狀態 35
    SUB         偏移，並進入狀態 36
    OP          偏移，並進入狀態 37

    arith_expression  進入狀態 85
    arith_term        進入狀態 39
    arith_factor      進入狀態 40
    arith_primary     進入狀態 41


狀態 70

   32 bool_primary: arith_expression MOREEQUAL . arith_expression

    IDENTIFIER  偏移，並進入狀態 34
    INTEGER     偏移，並進入狀態 35
    SUB         偏移，並進入狀態 36
    OP          偏移，並進入狀態 37

    arith_expression  進入狀態 86
    arith_term        進入狀態 39
    arith_factor      進入狀態 40
    arith_primary     進入狀態 41


狀態 71

   33 bool_primary: arith_expression LESS . arith_expression

    IDENTIFIER  偏移，並進入狀態 34
    INTEGER     偏移，並進入狀態 35
    SUB         偏移，並進入狀態 36
    OP          偏移，並進入狀態 37

    arith_expression  進入狀態 87
    arith_term        進入狀態 39
    arith_factor      進入狀態 40
    arith_primary     進入狀態 41


狀態 72

   31 bool_primary: arith_expression MORE . arith_expression

    IDENTIFIER  偏移，並進入狀態 34
    INTEGER     偏移，並進入狀態 35
    SUB         偏移，並進入狀態 36
    OP          偏移，並進入狀態 37

    arith_expression  進入狀態 88
    arith_term        進入狀態 39
    arith_factor      進入狀態 40
    arith_primary     進入狀態 41


狀態 73

   19 while_statement: WHILE OP bool_expression CP . statement

    IDENTIFIER  偏移，並進入狀態 13
    IF          偏移，並進入狀態 14
    EXIT        偏移，並進入狀態 15
    WHILE       偏移，並進入狀態 16
    WRITE       偏移，並進入狀態 17
    READ        偏移，並進入狀態 18
    OB          偏移，並進入狀態 19

    statement             進入狀態 89
    assignment_statement  進入狀態 22
    compound_statement    進入狀態 23
    if_statement          進入狀態 24
    while_statement       進入狀態 25
    exit_statement        進入狀態 26
    read_statement        進入狀態 27
    write_statement       進入狀態 28


狀態 74

   46 arith_primary: OP arith_expression CP .

    $default  使用規則 46 以縮減 (arith_primary)


狀態 75

   36 arith_expression: arith_expression ADD arith_term .
   39 arith_term: arith_term . MUL arith_factor
   40           | arith_term . DIV arith_factor
   41           | arith_term . REM arith_factor

    MUL  偏移，並進入狀態 57
    DIV  偏移，並進入狀態 58
    REM  偏移，並進入狀態 59

    $default  使用規則 36 以縮減 (arith_expression)


狀態 76

   37 arith_expression: arith_expression SUB arith_term .
   39 arith_term: arith_term . MUL arith_factor
   40           | arith_term . DIV arith_factor
   41           | arith_term . REM arith_factor

    MUL  偏移，並進入狀態 57
    DIV  偏移，並進入狀態 58
    REM  偏移，並進入狀態 59

    $default  使用規則 37 以縮減 (arith_expression)


狀態 77

   39 arith_term: arith_term MUL arith_factor .

    $default  使用規則 39 以縮減 (arith_term)


狀態 78

   40 arith_term: arith_term DIV arith_factor .

    $default  使用規則 40 以縮減 (arith_term)


狀態 79

   41 arith_term: arith_term REM arith_factor .

    $default  使用規則 41 以縮減 (arith_term)


狀態 80

   24 bool_expression: bool_expression OR bool_term .
   26 bool_term: bool_term . AND bool_factor

    AND  偏移，並進入狀態 66

    $default  使用規則 24 以縮減 (bool_expression)


狀態 81

   17 if_statement: IF OP bool_expression CP statement .
   18             | IF OP bool_expression CP statement . ELSE statement

    ELSE  偏移，並進入狀態 90

    ELSE      [使用規則 17 以縮減 (if_statement)]
    $default  使用規則 17 以縮減 (if_statement)


狀態 82

   26 bool_term: bool_term AND bool_factor .

    $default  使用規則 26 以縮減 (bool_term)


狀態 83

   29 bool_primary: arith_expression EQUAL arith_expression .
   36 arith_expression: arith_expression . ADD arith_term
   37                 | arith_expression . SUB arith_term

    ADD  偏移，並進入狀態 54
    SUB  偏移，並進入狀態 55

    $default  使用規則 29 以縮減 (bool_primary)


狀態 84

   30 bool_primary: arith_expression NOTEQUAL arith_expression .
   36 arith_expression: arith_expression . ADD arith_term
   37                 | arith_expression . SUB arith_term

    ADD  偏移，並進入狀態 54
    SUB  偏移，並進入狀態 55

    $default  使用規則 30 以縮減 (bool_primary)


狀態 85

   34 bool_primary: arith_expression LESSEQUAL arith_expression .
   36 arith_expression: arith_expression . ADD arith_term
   37                 | arith_expression . SUB arith_term

    ADD  偏移，並進入狀態 54
    SUB  偏移，並進入狀態 55

    $default  使用規則 34 以縮減 (bool_primary)


狀態 86

   32 bool_primary: arith_expression MOREEQUAL arith_expression .
   36 arith_expression: arith_expression . ADD arith_term
   37                 | arith_expression . SUB arith_term

    ADD  偏移，並進入狀態 54
    SUB  偏移，並進入狀態 55

    $default  使用規則 32 以縮減 (bool_primary)


狀態 87

   33 bool_primary: arith_expression LESS arith_expression .
   36 arith_expression: arith_expression . ADD arith_term
   37                 | arith_expression . SUB arith_term

    ADD  偏移，並進入狀態 54
    SUB  偏移，並進入狀態 55

    $default  使用規則 33 以縮減 (bool_primary)


狀態 88

   31 bool_primary: arith_expression MORE arith_expression .
   36 arith_expression: arith_expression . ADD arith_term
   37                 | arith_expression . SUB arith_term

    ADD  偏移，並進入狀態 54
    SUB  偏移，並進入狀態 55

    $default  使用規則 31 以縮減 (bool_primary)


狀態 89

   19 while_statement: WHILE OP bool_expression CP statement .

    $default  使用規則 19 以縮減 (while_statement)


狀態 90

   18 if_statement: IF OP bool_expression CP statement ELSE . statement

    IDENTIFIER  偏移，並進入狀態 13
    IF          偏移，並進入狀態 14
    EXIT        偏移，並進入狀態 15
    WHILE       偏移，並進入狀態 16
    WRITE       偏移，並進入狀態 17
    READ        偏移，並進入狀態 18
    OB          偏移，並進入狀態 19

    statement             進入狀態 91
    assignment_statement  進入狀態 22
    compound_statement    進入狀態 23
    if_statement          進入狀態 24
    while_statement       進入狀態 25
    exit_statement        進入狀態 26
    read_statement        進入狀態 27
    write_statement       進入狀態 28


狀態 91

   18 if_statement: IF OP bool_expression CP statement ELSE statement .

    $default  使用規則 18 以縮減 (if_statement)
